{"/Users/natwar.garg/workspace/this-mac-local-folder/workspace/vue/unit-test/tv-web-app/src/App.vue": {"path":"/Users/natwar.garg/workspace/this-mac-local-folder/workspace/vue/unit-test/tv-web-app/src/App.vue","statementMap":{"0":{"start":{"line":15,"column":0},"end":{"line":15,"column":null}},"1":{"start":{"line":17,"column":15},"end":{"line":17,"column":null}},"2":{"start":{"line":22,"column":4},"end":{"line":22,"column":11}}},"fnMap":{"0":{"name":"(anonymous_0)","decl":{"start":{"line":21,"column":2},"end":{"line":21,"column":6}},"loc":{"start":{"line":21,"column":9},"end":{"line":25,"column":null}}}},"branchMap":{},"s":{"0":0,"1":0,"2":0},"f":{"0":0},"b":{}}
,"/Users/natwar.garg/workspace/this-mac-local-folder/workspace/vue/unit-test/tv-web-app/src/apis/Api.js": {"path":"/Users/natwar.garg/workspace/this-mac-local-folder/workspace/vue/unit-test/tv-web-app/src/apis/Api.js","statementMap":{"0":{"start":{"line":3,"column":19},"end":{"line":5,"column":2}}},"fnMap":{},"branchMap":{},"s":{"0":0},"f":{},"b":{},"hash":"57522d27a47d82ca6e714b58a82e017ad0399536"}
,"/Users/natwar.garg/workspace/this-mac-local-folder/workspace/vue/unit-test/tv-web-app/src/apis/Episodes.js": {"path":"/Users/natwar.garg/workspace/this-mac-local-folder/workspace/vue/unit-test/tv-web-app/src/apis/Episodes.js","statementMap":{},"fnMap":{},"branchMap":{},"s":{},"f":{},"b":{},"hash":"c7716d506f5805385bccd2bf1e7dfdd5a492f06e"}
,"/Users/natwar.garg/workspace/this-mac-local-folder/workspace/vue/unit-test/tv-web-app/src/apis/People.js": {"path":"/Users/natwar.garg/workspace/this-mac-local-folder/workspace/vue/unit-test/tv-web-app/src/apis/People.js","statementMap":{"0":{"start":{"line":24,"column":25},"end":{"line":24,"column":34}},"1":{"start":{"line":28,"column":4},"end":{"line":28,"column":42}},"2":{"start":{"line":32,"column":4},"end":{"line":32,"column":62}},"3":{"start":{"line":36,"column":4},"end":{"line":36,"column":54}},"4":{"start":{"line":40,"column":4},"end":{"line":40,"column":72}},"5":{"start":{"line":44,"column":4},"end":{"line":44,"column":66}},"6":{"start":{"line":48,"column":4},"end":{"line":48,"column":77}},"7":{"start":{"line":52,"column":4},"end":{"line":52,"column":60}},"8":{"start":{"line":56,"column":4},"end":{"line":56,"column":71}}},"fnMap":{"0":{"name":"(anonymous_0)","decl":{"start":{"line":27,"column":2},"end":{"line":27,"column":3}},"loc":{"start":{"line":27,"column":8},"end":{"line":29,"column":3}},"line":27},"1":{"name":"(anonymous_1)","decl":{"start":{"line":31,"column":2},"end":{"line":31,"column":3}},"loc":{"start":{"line":31,"column":28},"end":{"line":33,"column":3}},"line":31},"2":{"name":"(anonymous_2)","decl":{"start":{"line":35,"column":2},"end":{"line":35,"column":3}},"loc":{"start":{"line":35,"column":17},"end":{"line":37,"column":3}},"line":35},"3":{"name":"(anonymous_3)","decl":{"start":{"line":39,"column":2},"end":{"line":39,"column":3}},"loc":{"start":{"line":39,"column":31},"end":{"line":41,"column":3}},"line":39},"4":{"name":"(anonymous_4)","decl":{"start":{"line":43,"column":2},"end":{"line":43,"column":3}},"loc":{"start":{"line":43,"column":24},"end":{"line":45,"column":3}},"line":43},"5":{"name":"(anonymous_5)","decl":{"start":{"line":47,"column":2},"end":{"line":47,"column":3}},"loc":{"start":{"line":47,"column":35},"end":{"line":49,"column":3}},"line":47},"6":{"name":"(anonymous_6)","decl":{"start":{"line":51,"column":2},"end":{"line":51,"column":3}},"loc":{"start":{"line":51,"column":18},"end":{"line":53,"column":3}},"line":51},"7":{"name":"(anonymous_7)","decl":{"start":{"line":55,"column":2},"end":{"line":55,"column":3}},"loc":{"start":{"line":55,"column":30},"end":{"line":57,"column":3}},"line":55}},"branchMap":{},"s":{"0":0,"1":0,"2":0,"3":0,"4":0,"5":0,"6":0,"7":0,"8":0},"f":{"0":0,"1":0,"2":0,"3":0,"4":0,"5":0,"6":0,"7":0},"b":{},"hash":"9a2ce5ba09785d412f56ad4feb0e77edf669c3d6"}
,"/Users/natwar.garg/workspace/this-mac-local-folder/workspace/vue/unit-test/tv-web-app/src/apis/Schedule.js": {"path":"/Users/natwar.garg/workspace/this-mac-local-folder/workspace/vue/unit-test/tv-web-app/src/apis/Schedule.js","statementMap":{"0":{"start":{"line":23,"column":27},"end":{"line":23,"column":38}},"1":{"start":{"line":24,"column":41},"end":{"line":24,"column":56}},"2":{"start":{"line":25,"column":32},"end":{"line":25,"column":48}},"3":{"start":{"line":30,"column":4},"end":{"line":30,"column":80}},"4":{"start":{"line":33,"column":4},"end":{"line":35,"column":6}},"5":{"start":{"line":39,"column":4},"end":{"line":39,"column":49}}},"fnMap":{"0":{"name":"(anonymous_0)","decl":{"start":{"line":29,"column":2},"end":{"line":29,"column":3}},"loc":{"start":{"line":29,"column":38},"end":{"line":31,"column":3}},"line":29},"1":{"name":"(anonymous_1)","decl":{"start":{"line":32,"column":2},"end":{"line":32,"column":3}},"loc":{"start":{"line":32,"column":37},"end":{"line":36,"column":3}},"line":32},"2":{"name":"(anonymous_2)","decl":{"start":{"line":37,"column":2},"end":{"line":37,"column":3}},"loc":{"start":{"line":37,"column":9},"end":{"line":40,"column":3}},"line":37}},"branchMap":{},"s":{"0":0,"1":0,"2":0,"3":0,"4":0,"5":0},"f":{"0":0,"1":0,"2":0},"b":{},"hash":"a77939c6adb04fbdfc50833af9b6c790d726adc1"}
,"/Users/natwar.garg/workspace/this-mac-local-folder/workspace/vue/unit-test/tv-web-app/src/apis/Search.js": {"path":"/Users/natwar.garg/workspace/this-mac-local-folder/workspace/vue/unit-test/tv-web-app/src/apis/Search.js","statementMap":{"0":{"start":{"line":25,"column":30},"end":{"line":25,"column":45}},"1":{"start":{"line":26,"column":37},"end":{"line":26,"column":58}},"2":{"start":{"line":27,"column":30},"end":{"line":27,"column":45}},"3":{"start":{"line":28,"column":32},"end":{"line":28,"column":48}},"4":{"start":{"line":32,"column":4},"end":{"line":32,"column":58}},"5":{"start":{"line":35,"column":4},"end":{"line":35,"column":65}},"6":{"start":{"line":38,"column":4},"end":{"line":38,"column":61}},"7":{"start":{"line":41,"column":4},"end":{"line":41,"column":60}}},"fnMap":{"0":{"name":"(anonymous_0)","decl":{"start":{"line":31,"column":2},"end":{"line":31,"column":3}},"loc":{"start":{"line":31,"column":14},"end":{"line":33,"column":3}},"line":31},"1":{"name":"(anonymous_1)","decl":{"start":{"line":34,"column":2},"end":{"line":34,"column":3}},"loc":{"start":{"line":34,"column":20},"end":{"line":36,"column":3}},"line":34},"2":{"name":"(anonymous_2)","decl":{"start":{"line":37,"column":2},"end":{"line":37,"column":3}},"loc":{"start":{"line":37,"column":17},"end":{"line":39,"column":3}},"line":37},"3":{"name":"(anonymous_3)","decl":{"start":{"line":40,"column":2},"end":{"line":40,"column":3}},"loc":{"start":{"line":40,"column":16},"end":{"line":42,"column":3}},"line":40}},"branchMap":{},"s":{"0":0,"1":0,"2":0,"3":0,"4":0,"5":0,"6":0,"7":0},"f":{"0":0,"1":0,"2":0,"3":0},"b":{},"hash":"d1e7f425fe1ab42659070b68d0b4ad3c13a4201f"}
,"/Users/natwar.garg/workspace/this-mac-local-folder/workspace/vue/unit-test/tv-web-app/src/apis/Shows.js": {"path":"/Users/natwar.garg/workspace/this-mac-local-folder/workspace/vue/unit-test/tv-web-app/src/apis/Shows.js","statementMap":{"0":{"start":{"line":65,"column":23},"end":{"line":65,"column":31}},"1":{"start":{"line":74,"column":6},"end":{"line":74,"column":52}},"2":{"start":{"line":77,"column":8},"end":{"line":77,"column":65}},"3":{"start":{"line":80,"column":8},"end":{"line":80,"column":63}},"4":{"start":{"line":83,"column":8},"end":{"line":83,"column":69}},"5":{"start":{"line":86,"column":8},"end":{"line":86,"column":104}},"6":{"start":{"line":89,"column":8},"end":{"line":89,"column":82}}},"fnMap":{"0":{"name":"(anonymous_0)","decl":{"start":{"line":73,"column":4},"end":{"line":73,"column":5}},"loc":{"start":{"line":73,"column":17},"end":{"line":75,"column":5}},"line":73},"1":{"name":"(anonymous_1)","decl":{"start":{"line":76,"column":4},"end":{"line":76,"column":5}},"loc":{"start":{"line":76,"column":22},"end":{"line":78,"column":5}},"line":76},"2":{"name":"(anonymous_2)","decl":{"start":{"line":79,"column":4},"end":{"line":79,"column":5}},"loc":{"start":{"line":79,"column":24},"end":{"line":81,"column":5}},"line":79},"3":{"name":"(anonymous_3)","decl":{"start":{"line":82,"column":4},"end":{"line":82,"column":5}},"loc":{"start":{"line":82,"column":26},"end":{"line":84,"column":5}},"line":82},"4":{"name":"(anonymous_4)","decl":{"start":{"line":85,"column":4},"end":{"line":85,"column":5}},"loc":{"start":{"line":85,"column":44},"end":{"line":87,"column":5}},"line":85},"5":{"name":"(anonymous_5)","decl":{"start":{"line":88,"column":4},"end":{"line":88,"column":5}},"loc":{"start":{"line":88,"column":33},"end":{"line":90,"column":5}},"line":88}},"branchMap":{},"s":{"0":0,"1":0,"2":0,"3":0,"4":0,"5":0,"6":0},"f":{"0":0,"1":0,"2":0,"3":0,"4":0,"5":0},"b":{},"hash":"71cc4117956d14a9ed0527ea2a14602c15a6e214"}
,"/Users/natwar.garg/workspace/this-mac-local-folder/workspace/vue/unit-test/tv-web-app/src/apis/Updates.js": {"path":"/Users/natwar.garg/workspace/this-mac-local-folder/workspace/vue/unit-test/tv-web-app/src/apis/Updates.js","statementMap":{"0":{"start":{"line":20,"column":31},"end":{"line":20,"column":47}},"1":{"start":{"line":21,"column":33},"end":{"line":21,"column":50}},"2":{"start":{"line":25,"column":4},"end":{"line":25,"column":59}},"3":{"start":{"line":28,"column":4},"end":{"line":28,"column":74}},"4":{"start":{"line":31,"column":4},"end":{"line":31,"column":61}},"5":{"start":{"line":34,"column":4},"end":{"line":34,"column":76}}},"fnMap":{"0":{"name":"(anonymous_0)","decl":{"start":{"line":24,"column":2},"end":{"line":24,"column":3}},"loc":{"start":{"line":24,"column":21},"end":{"line":26,"column":3}},"line":24},"1":{"name":"(anonymous_1)","decl":{"start":{"line":27,"column":2},"end":{"line":27,"column":3}},"loc":{"start":{"line":27,"column":39},"end":{"line":29,"column":3}},"line":27},"2":{"name":"(anonymous_2)","decl":{"start":{"line":30,"column":2},"end":{"line":30,"column":3}},"loc":{"start":{"line":30,"column":23},"end":{"line":32,"column":3}},"line":30},"3":{"name":"(anonymous_3)","decl":{"start":{"line":33,"column":2},"end":{"line":33,"column":3}},"loc":{"start":{"line":33,"column":41},"end":{"line":35,"column":3}},"line":33}},"branchMap":{},"s":{"0":0,"1":0,"2":0,"3":0,"4":0,"5":0},"f":{"0":0,"1":0,"2":0,"3":0},"b":{},"hash":"9548c2951db7be22ca414470acea01d8669a7df1"}
,"/Users/natwar.garg/workspace/this-mac-local-folder/workspace/vue/unit-test/tv-web-app/src/components/HelloWorld.vue": {"path":"/Users/natwar.garg/workspace/this-mac-local-folder/workspace/vue/unit-test/tv-web-app/src/components/HelloWorld.vue","statementMap":{"0":{"start":{"line":37,"column":15},"end":{"line":37,"column":null}}},"fnMap":{},"branchMap":{},"s":{"0":1},"f":{},"b":{}}
,"/Users/natwar.garg/workspace/this-mac-local-folder/workspace/vue/unit-test/tv-web-app/src/components/Search.vue": {"path":"/Users/natwar.garg/workspace/this-mac-local-folder/workspace/vue/unit-test/tv-web-app/src/components/Search.vue","statementMap":{"0":{"start":{"line":12,"column":0},"end":{"line":12,"column":null}},"1":{"start":{"line":13,"column":0},"end":{"line":13,"column":null}},"2":{"start":{"line":15,"column":15},"end":{"line":15,"column":null}},"3":{"start":{"line":21,"column":4},"end":{"line":21,"column":9}},"4":{"start":{"line":25,"column":6},"end":{"line":30,"column":null}},"5":{"start":{"line":26,"column":8},"end":{"line":26,"column":13}},"6":{"start":{"line":28,"column":8},"end":{"line":28,"column":15}},"7":{"start":{"line":29,"column":8},"end":{"line":29,"column":13}},"8":{"start":{"line":34,"column":6},"end":{"line":34,"column":11}},"9":{"start":{"line":39,"column":4},"end":{"line":39,"column":11}}},"fnMap":{"0":{"name":"(anonymous_0)","decl":{"start":{"line":19,"column":2},"end":{"line":19,"column":9}},"loc":{"start":{"line":19,"column":12},"end":{"line":22,"column":null}}},"1":{"name":"(anonymous_1)","decl":{"start":{"line":24,"column":4},"end":{"line":24,"column":12}},"loc":{"start":{"line":24,"column":15},"end":{"line":31,"column":null}}},"2":{"name":"(anonymous_2)","decl":{"start":{"line":33,"column":4},"end":{"line":33,"column":14}},"loc":{"start":{"line":33,"column":22},"end":{"line":35,"column":null}}},"3":{"name":"(anonymous_3)","decl":{"start":{"line":38,"column":2},"end":{"line":38,"column":6}},"loc":{"start":{"line":38,"column":9},"end":{"line":42,"column":null}}}},"branchMap":{"0":{"loc":{"start":{"line":25,"column":6},"end":{"line":30,"column":null}},"type":"if","locations":[{"start":{"line":25,"column":6},"end":{"line":30,"column":null}},{"start":{"line":25,"column":6},"end":{"line":30,"column":null}}]}},"s":{"0":0,"1":0,"2":0,"3":0,"4":0,"5":0,"6":0,"7":0,"8":0,"9":0},"f":{"0":0,"1":0,"2":0,"3":0},"b":{"0":[0,0]}}
,"/Users/natwar.garg/workspace/this-mac-local-folder/workspace/vue/unit-test/tv-web-app/src/components/ShowItem.vue": {"path":"/Users/natwar.garg/workspace/this-mac-local-folder/workspace/vue/unit-test/tv-web-app/src/components/ShowItem.vue","statementMap":{"0":{"start":{"line":15,"column":0},"end":{"line":15,"column":null}},"1":{"start":{"line":16,"column":0},"end":{"line":16,"column":null}},"2":{"start":{"line":18,"column":15},"end":{"line":18,"column":null}},"3":{"start":{"line":26,"column":6},"end":{"line":26,"column":13}},"4":{"start":{"line":27,"column":6},"end":{"line":27,"column":11}}},"fnMap":{"0":{"name":"(anonymous_0)","decl":{"start":{"line":25,"column":4},"end":{"line":25,"column":19}},"loc":{"start":{"line":25,"column":22},"end":{"line":28,"column":null}}}},"branchMap":{},"s":{"0":1,"1":1,"2":1,"3":0,"4":0},"f":{"0":0},"b":{}}
,"/Users/natwar.garg/workspace/this-mac-local-folder/workspace/vue/unit-test/tv-web-app/src/components/ShowList.vue": {"path":"/Users/natwar.garg/workspace/this-mac-local-folder/workspace/vue/unit-test/tv-web-app/src/components/ShowList.vue","statementMap":{"0":{"start":{"line":2,"column":0},"end":{"line":2,"column":null}},"1":{"start":{"line":3,"column":0},"end":{"line":3,"column":null}},"2":{"start":{"line":5,"column":15},"end":{"line":5,"column":null}},"3":{"start":{"line":19,"column":24},"end":{"line":19,"column":null}},"4":{"start":{"line":20,"column":6},"end":{"line":20,"column":17}},"5":{"start":{"line":21,"column":6},"end":{"line":21,"column":13}},"6":{"start":{"line":25,"column":6},"end":{"line":25,"column":14}},"7":{"start":{"line":32,"column":6},"end":{"line":32,"column":19}},"8":{"start":{"line":32,"column":25},"end":{"line":32,"column":30}},"9":{"start":{"line":35,"column":6},"end":{"line":35,"column":19}},"10":{"start":{"line":35,"column":25},"end":{"line":35,"column":30}}},"fnMap":{"0":{"name":"(anonymous_0)","decl":{"start":{"line":18,"column":4},"end":{"line":18,"column":15}},"loc":{"start":{"line":18,"column":18},"end":{"line":22,"column":null}}},"1":{"name":"(anonymous_1)","decl":{"start":{"line":24,"column":4},"end":{"line":24,"column":10}},"loc":{"start":{"line":24,"column":12},"end":{"line":26,"column":null}}},"2":{"name":"(anonymous_2)","decl":{"start":{"line":31,"column":4},"end":{"line":31,"column":8}},"loc":{"start":{"line":31,"column":11},"end":{"line":33,"column":null}}},"3":{"name":"(anonymous_3)","decl":{"start":{"line":32,"column":19},"end":{"line":32,"column":25}},"loc":{"start":{"line":32,"column":25},"end":{"line":32,"column":30}}},"4":{"name":"(anonymous_4)","decl":{"start":{"line":34,"column":4},"end":{"line":34,"column":8}},"loc":{"start":{"line":34,"column":11},"end":{"line":36,"column":null}}},"5":{"name":"(anonymous_5)","decl":{"start":{"line":35,"column":19},"end":{"line":35,"column":25}},"loc":{"start":{"line":35,"column":25},"end":{"line":35,"column":30}}},"6":{"name":"(anonymous_6)","decl":{"start":{"line":38,"column":2},"end":{"line":38,"column":9}},"loc":{"start":{"line":38,"column":12},"end":{"line":38,"column":null}}},"7":{"name":"(anonymous_7)","decl":{"start":{"line":39,"column":2},"end":{"line":39,"column":9}},"loc":{"start":{"line":39,"column":12},"end":{"line":39,"column":null}}}},"branchMap":{"0":{"loc":{"start":{"line":25,"column":14},"end":{"line":25,"column":34}},"type":"binary-expr","locations":[{"start":{"line":25,"column":14},"end":{"line":25,"column":34}},{"start":{"line":25,"column":34},"end":{"line":25,"column":null}}]}},"s":{"0":1,"1":1,"2":1,"3":1,"4":1,"5":1,"6":1,"7":0,"8":0,"9":0,"10":0},"f":{"0":1,"1":1,"2":0,"3":0,"4":0,"5":0,"6":1,"7":1},"b":{"0":[1,1]}}
,"/Users/natwar.garg/workspace/this-mac-local-folder/workspace/vue/unit-test/tv-web-app/src/router/index.js": {"path":"/Users/natwar.garg/workspace/this-mac-local-folder/workspace/vue/unit-test/tv-web-app/src/router/index.js","statementMap":{"0":{"start":{"line":4,"column":15},"end":{"line":26,"column":1}},"1":{"start":{"line":16,"column":21},"end":{"line":16,"column":81}},"2":{"start":{"line":24,"column":21},"end":{"line":24,"column":83}},"3":{"start":{"line":28,"column":15},"end":{"line":31,"column":2}}},"fnMap":{"0":{"name":"(anonymous_0)","decl":{"start":{"line":16,"column":15},"end":{"line":16,"column":16}},"loc":{"start":{"line":16,"column":21},"end":{"line":16,"column":81}},"line":16},"1":{"name":"(anonymous_1)","decl":{"start":{"line":24,"column":15},"end":{"line":24,"column":16}},"loc":{"start":{"line":24,"column":21},"end":{"line":24,"column":83}},"line":24}},"branchMap":{},"s":{"0":1,"1":0,"2":0,"3":1},"f":{"0":0,"1":0},"b":{},"_coverageSchema":"43e27e138ebf9cfc5966b082cf9a028302ed4184","hash":"645d7a2fd994e2de962fc62fcea4f50a40e98ced"}
,"/Users/natwar.garg/workspace/this-mac-local-folder/workspace/vue/unit-test/tv-web-app/src/store/actions.js": {"path":"/Users/natwar.garg/workspace/this-mac-local-folder/workspace/vue/unit-test/tv-web-app/src/store/actions.js","statementMap":{"0":{"start":{"line":6,"column":31},"end":{"line":10,"column":1}},"1":{"start":{"line":7,"column":4},"end":{"line":9,"column":6}},"2":{"start":{"line":8,"column":8},"end":{"line":8,"column":43}},"3":{"start":{"line":12,"column":37},"end":{"line":17,"column":1}},"4":{"start":{"line":13,"column":4},"end":{"line":13,"column":35}},"5":{"start":{"line":14,"column":4},"end":{"line":16,"column":6}},"6":{"start":{"line":15,"column":8},"end":{"line":15,"column":43}},"7":{"start":{"line":19,"column":23},"end":{"line":23,"column":1}},"8":{"start":{"line":20,"column":4},"end":{"line":22,"column":6}},"9":{"start":{"line":21,"column":8},"end":{"line":21,"column":42}},"10":{"start":{"line":25,"column":23},"end":{"line":29,"column":1}},"11":{"start":{"line":27,"column":8},"end":{"line":27,"column":33}},"12":{"start":{"line":31,"column":31},"end":{"line":36,"column":1}},"13":{"start":{"line":32,"column":4},"end":{"line":32,"column":44}},"14":{"start":{"line":33,"column":4},"end":{"line":35,"column":6}},"15":{"start":{"line":34,"column":8},"end":{"line":34,"column":43}}},"fnMap":{"0":{"name":"(anonymous_0)","decl":{"start":{"line":6,"column":31},"end":{"line":6,"column":32}},"loc":{"start":{"line":6,"column":47},"end":{"line":10,"column":1}},"line":6},"1":{"name":"(anonymous_1)","decl":{"start":{"line":7,"column":25},"end":{"line":7,"column":26}},"loc":{"start":{"line":7,"column":37},"end":{"line":9,"column":5}},"line":7},"2":{"name":"(anonymous_2)","decl":{"start":{"line":12,"column":37},"end":{"line":12,"column":38}},"loc":{"start":{"line":12,"column":66},"end":{"line":17,"column":1}},"line":12},"3":{"name":"(anonymous_3)","decl":{"start":{"line":14,"column":61},"end":{"line":14,"column":62}},"loc":{"start":{"line":14,"column":73},"end":{"line":16,"column":5}},"line":14},"4":{"name":"(anonymous_4)","decl":{"start":{"line":19,"column":23},"end":{"line":19,"column":24}},"loc":{"start":{"line":19,"column":47},"end":{"line":23,"column":1}},"line":19},"5":{"name":"(anonymous_5)","decl":{"start":{"line":20,"column":28},"end":{"line":20,"column":29}},"loc":{"start":{"line":20,"column":40},"end":{"line":22,"column":5}},"line":20},"6":{"name":"(anonymous_6)","decl":{"start":{"line":25,"column":23},"end":{"line":25,"column":24}},"loc":{"start":{"line":25,"column":45},"end":{"line":29,"column":1}},"line":25},"7":{"name":"(anonymous_7)","decl":{"start":{"line":31,"column":31},"end":{"line":31,"column":32}},"loc":{"start":{"line":31,"column":60},"end":{"line":36,"column":1}},"line":31},"8":{"name":"(anonymous_8)","decl":{"start":{"line":33,"column":34},"end":{"line":33,"column":35}},"loc":{"start":{"line":33,"column":46},"end":{"line":35,"column":5}},"line":33}},"branchMap":{},"s":{"0":0,"1":0,"2":0,"3":0,"4":0,"5":0,"6":0,"7":0,"8":0,"9":0,"10":0,"11":0,"12":0,"13":0,"14":0,"15":0},"f":{"0":0,"1":0,"2":0,"3":0,"4":0,"5":0,"6":0,"7":0,"8":0},"b":{},"hash":"57401753e2252610e7feabdf54a7eca496ebb007"}
,"/Users/natwar.garg/workspace/this-mac-local-folder/workspace/vue/unit-test/tv-web-app/src/store/index.js": {"path":"/Users/natwar.garg/workspace/this-mac-local-folder/workspace/vue/unit-test/tv-web-app/src/store/index.js","statementMap":{},"fnMap":{},"branchMap":{},"s":{},"f":{},"b":{},"hash":"21ff5c826cbc0d8019682c688717e4f3b6099b5a"}
,"/Users/natwar.garg/workspace/this-mac-local-folder/workspace/vue/unit-test/tv-web-app/src/store/mutations.js": {"path":"/Users/natwar.garg/workspace/this-mac-local-folder/workspace/vue/unit-test/tv-web-app/src/store/mutations.js","statementMap":{"0":{"start":{"line":1,"column":25},"end":{"line":3,"column":1}},"1":{"start":{"line":2,"column":4},"end":{"line":2,"column":24}},"2":{"start":{"line":5,"column":24},"end":{"line":7,"column":1}},"3":{"start":{"line":6,"column":4},"end":{"line":6,"column":22}},"4":{"start":{"line":9,"column":32},"end":{"line":11,"column":1}},"5":{"start":{"line":10,"column":4},"end":{"line":10,"column":36}}},"fnMap":{"0":{"name":"(anonymous_0)","decl":{"start":{"line":1,"column":25},"end":{"line":1,"column":26}},"loc":{"start":{"line":1,"column":43},"end":{"line":3,"column":1}},"line":1},"1":{"name":"(anonymous_1)","decl":{"start":{"line":5,"column":24},"end":{"line":5,"column":25}},"loc":{"start":{"line":5,"column":41},"end":{"line":7,"column":1}},"line":5},"2":{"name":"(anonymous_2)","decl":{"start":{"line":9,"column":32},"end":{"line":9,"column":33}},"loc":{"start":{"line":9,"column":56},"end":{"line":11,"column":1}},"line":9}},"branchMap":{},"s":{"0":0,"1":0,"2":0,"3":0,"4":0,"5":0},"f":{"0":0,"1":0,"2":0},"b":{},"hash":"a6ac53203f0c60652449fd8af8a1eda67aeb07b9"}
,"/Users/natwar.garg/workspace/this-mac-local-folder/workspace/vue/unit-test/tv-web-app/src/store/state.js": {"path":"/Users/natwar.garg/workspace/this-mac-local-folder/workspace/vue/unit-test/tv-web-app/src/store/state.js","statementMap":{},"fnMap":{},"branchMap":{},"s":{},"f":{},"b":{},"hash":"46965d5d8d80b8605a2396874cafcfd05020808d"}
,"/Users/natwar.garg/workspace/this-mac-local-folder/workspace/vue/unit-test/tv-web-app/src/utils/index.js": {"path":"/Users/natwar.garg/workspace/this-mac-local-folder/workspace/vue/unit-test/tv-web-app/src/utils/index.js","statementMap":{"0":{"start":{"line":1,"column":28},"end":{"line":9,"column":1}},"1":{"start":{"line":2,"column":10},"end":{"line":2,"column":11}},"2":{"start":{"line":3,"column":21},"end":{"line":8,"column":11}},"3":{"start":{"line":4,"column":4},"end":{"line":4,"column":9}},"4":{"start":{"line":5,"column":4},"end":{"line":7,"column":5}},"5":{"start":{"line":6,"column":6},"end":{"line":6,"column":32}},"6":{"start":{"line":11,"column":25},"end":{"line":12,"column":12}},"7":{"start":{"line":12,"column":0},"end":{"line":12,"column":12}},"8":{"start":{"line":15,"column":35},"end":{"line":22,"column":1}},"9":{"start":{"line":16,"column":2},"end":{"line":20,"column":3}},"10":{"start":{"line":17,"column":4},"end":{"line":19,"column":6}},"11":{"start":{"line":18,"column":6},"end":{"line":18,"column":64}},"12":{"start":{"line":18,"column":41},"end":{"line":18,"column":63}},"13":{"start":{"line":21,"column":2},"end":{"line":21,"column":21}},"14":{"start":{"line":24,"column":35},"end":{"line":31,"column":1}},"15":{"start":{"line":25,"column":2},"end":{"line":29,"column":3}},"16":{"start":{"line":26,"column":4},"end":{"line":28,"column":6}},"17":{"start":{"line":27,"column":6},"end":{"line":27,"column":48}},"18":{"start":{"line":30,"column":2},"end":{"line":30,"column":21}}},"fnMap":{"0":{"name":"(anonymous_0)","decl":{"start":{"line":1,"column":28},"end":{"line":1,"column":29}},"loc":{"start":{"line":1,"column":56},"end":{"line":9,"column":1}},"line":1},"1":{"name":"(anonymous_1)","decl":{"start":{"line":3,"column":33},"end":{"line":3,"column":34}},"loc":{"start":{"line":3,"column":45},"end":{"line":8,"column":3}},"line":3},"2":{"name":"(anonymous_2)","decl":{"start":{"line":11,"column":25},"end":{"line":11,"column":26}},"loc":{"start":{"line":12,"column":0},"end":{"line":12,"column":12}},"line":12},"3":{"name":"(anonymous_3)","decl":{"start":{"line":15,"column":35},"end":{"line":15,"column":36}},"loc":{"start":{"line":15,"column":59},"end":{"line":22,"column":1}},"line":15},"4":{"name":"(anonymous_4)","decl":{"start":{"line":17,"column":38},"end":{"line":17,"column":39}},"loc":{"start":{"line":18,"column":6},"end":{"line":18,"column":64}},"line":18},"5":{"name":"(anonymous_5)","decl":{"start":{"line":18,"column":31},"end":{"line":18,"column":32}},"loc":{"start":{"line":18,"column":41},"end":{"line":18,"column":63}},"line":18},"6":{"name":"(anonymous_6)","decl":{"start":{"line":24,"column":35},"end":{"line":24,"column":36}},"loc":{"start":{"line":24,"column":60},"end":{"line":31,"column":1}},"line":24},"7":{"name":"(anonymous_7)","decl":{"start":{"line":26,"column":38},"end":{"line":26,"column":39}},"loc":{"start":{"line":26,"column":49},"end":{"line":28,"column":5}},"line":26}},"branchMap":{"0":{"loc":{"start":{"line":5,"column":4},"end":{"line":7,"column":5}},"type":"if","locations":[{"start":{"line":5,"column":4},"end":{"line":7,"column":5}},{"start":{"line":5,"column":4},"end":{"line":7,"column":5}}],"line":5},"1":{"loc":{"start":{"line":16,"column":2},"end":{"line":20,"column":3}},"type":"if","locations":[{"start":{"line":16,"column":2},"end":{"line":20,"column":3}},{"start":{"line":16,"column":2},"end":{"line":20,"column":3}}],"line":16},"2":{"loc":{"start":{"line":16,"column":6},"end":{"line":16,"column":34}},"type":"binary-expr","locations":[{"start":{"line":16,"column":6},"end":{"line":16,"column":12}},{"start":{"line":16,"column":16},"end":{"line":16,"column":34}}],"line":16},"3":{"loc":{"start":{"line":25,"column":2},"end":{"line":29,"column":3}},"type":"if","locations":[{"start":{"line":25,"column":2},"end":{"line":29,"column":3}},{"start":{"line":25,"column":2},"end":{"line":29,"column":3}}],"line":25},"4":{"loc":{"start":{"line":25,"column":5},"end":{"line":25,"column":25}},"type":"binary-expr","locations":[{"start":{"line":25,"column":5},"end":{"line":25,"column":11}},{"start":{"line":25,"column":15},"end":{"line":25,"column":25}}],"line":25}},"s":{"0":1,"1":0,"2":0,"3":0,"4":0,"5":0,"6":1,"7":0,"8":1,"9":1,"10":0,"11":0,"12":0,"13":1,"14":1,"15":1,"16":0,"17":0,"18":1},"f":{"0":0,"1":0,"2":0,"3":1,"4":0,"5":0,"6":1,"7":0},"b":{"0":[0,0],"1":[0,1],"2":[1,0],"3":[0,1],"4":[1,0]},"_coverageSchema":"43e27e138ebf9cfc5966b082cf9a028302ed4184","hash":"401d04b529e57e4f01febdce69f9ef8096a8a8c3"}
,"/Users/natwar.garg/workspace/this-mac-local-folder/workspace/vue/unit-test/tv-web-app/src/views/Details.vue": {"path":"/Users/natwar.garg/workspace/this-mac-local-folder/workspace/vue/unit-test/tv-web-app/src/views/Details.vue","statementMap":{"0":{"start":{"line":16,"column":0},"end":{"line":16,"column":null}},"1":{"start":{"line":18,"column":15},"end":{"line":18,"column":null}}},"fnMap":{},"branchMap":{},"s":{"0":0,"1":0},"f":{},"b":{}}
,"/Users/natwar.garg/workspace/this-mac-local-folder/workspace/vue/unit-test/tv-web-app/src/views/Home.vue": {"path":"/Users/natwar.garg/workspace/this-mac-local-folder/workspace/vue/unit-test/tv-web-app/src/views/Home.vue","statementMap":{"0":{"start":{"line":14,"column":0},"end":{"line":14,"column":null}},"1":{"start":{"line":16,"column":0},"end":{"line":16,"column":null}},"2":{"start":{"line":18,"column":15},"end":{"line":18,"column":null}},"3":{"start":{"line":24,"column":6},"end":{"line":24,"column":13}},"4":{"start":{"line":28,"column":6},"end":{"line":28,"column":14}}},"fnMap":{"0":{"name":"(anonymous_0)","decl":{"start":{"line":23,"column":14},"end":{"line":23,"column":26}},"loc":{"start":{"line":23,"column":26},"end":{"line":25,"column":null}}},"1":{"name":"(anonymous_1)","decl":{"start":{"line":27,"column":20},"end":{"line":27,"column":32}},"loc":{"start":{"line":27,"column":32},"end":{"line":29,"column":null}}}},"branchMap":{"0":{"loc":{"start":{"line":24,"column":41},"end":{"line":24,"column":55}},"type":"cond-expr","locations":[{"start":{"line":24,"column":41},"end":{"line":24,"column":55}},{"start":{"line":24,"column":55},"end":{"line":24,"column":null}}]},"1":{"loc":{"start":{"line":28,"column":14},"end":{"line":28,"column":29}},"type":"binary-expr","locations":[{"start":{"line":28,"column":14},"end":{"line":28,"column":29}},{"start":{"line":28,"column":29},"end":{"line":28,"column":null}}]}},"s":{"0":1,"1":1,"2":1,"3":0,"4":0},"f":{"0":0,"1":0},"b":{"0":[0,0],"1":[0,0]}}
}
